<?xml version="1.0" encoding="UTF-8"?>
<!-- Generated by org.testng.reporters.JUnitXMLReporter -->
<testsuite hostname="shubhagg-mac" ignored="0" name="Default test" tests="3" failures="0" timestamp="2022-07-08T14:35:51 IST" time="66.244" errors="0">
  <testcase name="registerPatientLabelTest" time="0.074" classname="com.openmrs.qa.testcases.RegisterPatientPageTest"/>
  <testcase name="createNewPatientTest" time="0.69" classname="com.openmrs.qa.testcases.RegisterPatientPageTest"/>
  <testcase name="createNewPatientTest" time="0.781" classname="com.openmrs.qa.testcases.RegisterPatientPageTest"/>
</testsuite> <!-- Default test -->
